\BOOKMARK [1][-]{section.1}{\376\377\225\356\230\230\143\320\121\372}{}% 1
\BOOKMARK [2][-]{subsection.1.1}{\376\377\225\356\230\230\200\314\146\157}{section.1}% 2
\BOOKMARK [2][-]{subsection.1.2}{\376\377\173\046\123\367\176\246\133\232}{section.1}% 3
\BOOKMARK [1][-]{section.2}{\376\377\173\054\116\000\230\230}{}% 4
\BOOKMARK [2][-]{subsection.2.1}{\376\377\123\237\131\313\117\030\123\026\152\041\127\213}{section.2}% 5
\BOOKMARK [3][-]{subsubsection.2.1.1}{\376\377\176\246\147\137\147\141\116\366\377\032}{subsection.2.1}% 6
\BOOKMARK [3][-]{subsubsection.2.1.2}{\376\377\173\111\116\367\166\204\173\200\123\026\176\246\147\137\147\141\116\366\377\032}{subsection.2.1}% 7
\BOOKMARK [3][-]{subsubsection.2.1.3}{\376\377\000L\000I\000N\000G\000O\154\102\211\343\176\323\147\234\377\032}{subsection.2.1}% 8
\BOOKMARK [2][-]{subsection.2.2}{\376\377\173\200\123\026\152\041\127\213}{section.2}% 9
\BOOKMARK [3][-]{subsubsection.2.2.1}{\376\377\137\375\165\145\173\054\116\000\116\052\147\072\150\260\142\113\000R\0001\377\014\166\364\143\245\154\102\211\343\000R\0002\166\204\176\246\147\137}{subsection.2.2}% 10
\BOOKMARK [3][-]{subsubsection.2.2.2}{\376\377\202\015\137\003\227\136\176\277\140\047\176\246\147\137\377\014\154\102\211\343\377\014\121\215\232\214\213\301}{subsection.2.2}% 11
\BOOKMARK [3][-]{subsubsection.2.2.3}{\376\377\173\200\123\026\124\016\166\204\152\041\127\213\210\150\171\072}{subsection.2.2}% 12
\BOOKMARK [3][-]{subsubsection.2.2.4}{\376\377\173\200\123\026\152\041\127\213\172\013\136\217\217\320\210\114\176\323\147\234}{subsection.2.2}% 13
\BOOKMARK [2][-]{subsection.2.3}{\376\377\147\000\117\030\140\047\121\215\213\301\146\016}{section.2}% 14
\BOOKMARK [2][-]{subsection.2.4}{\376\377\173\054\116\000\230\230\176\323\147\234}{section.2}% 15
\BOOKMARK [2][-]{subsection.2.5}{\376\377\176\323\147\234\213\250\213\272}{section.2}% 16
\BOOKMARK [1][-]{section.3}{\376\377\173\054\116\214\230\230}{}% 17
\BOOKMARK [2][-]{subsection.3.1}{\376\377\225\356\230\230\122\006\147\220}{section.3}% 18
\BOOKMARK [2][-]{subsection.3.2}{\376\377\173\054\116\000\153\145\377\032\130\236\122\240\040\034\116\244\146\377\040\035\176\246\147\137\147\141\116\366\124\016\377\014\133\130\127\050\116\000\116\052\123\357\210\114\211\343\173\111\116\216\0004\0000\0003\0008}{section.3}% 19
\BOOKMARK [3][-]{subsubsection.3.2.1}{\376\377\210\145\121\105\173\046\123\367\133\232\116\111}{subsection.3.2}% 20
\BOOKMARK [3][-]{subsubsection.3.2.2}{\376\377\152\041\127\213\210\150\171\072}{subsection.3.2}% 21
\BOOKMARK [3][-]{subsubsection.3.2.3}{\376\377\152\041\127\213\166\204\154\102\211\343}{subsection.3.2}% 22
\BOOKMARK [2][-]{subsection.3.3}{\376\377\173\054\116\214\153\145\377\032\130\236\122\240\040\034\116\244\146\377\040\035\176\246\147\137\147\141\116\366\124\016\377\014\147\000\117\030\211\343\116\000\133\232\116\015\134\017\116\216\0004\0000\0003\0008}{section.3}% 23
\BOOKMARK [2][-]{subsection.3.4}{\376\377\173\054\116\011\153\145\377\032\116\015\156\341\215\263\217\331\116\052\040\034\116\244\146\377\040\035\176\246\147\137\147\141\116\366\124\016\377\014\147\000\117\030\211\343\116\000\133\232\116\015\134\017\116\216\0004\0000\0003\0008}{section.3}% 24
\BOOKMARK [2][-]{subsection.3.5}{\376\377\173\054\116\214\230\230\176\323\147\234}{section.3}% 25
\BOOKMARK [2][-]{subsection.3.6}{\376\377\176\323\147\234\213\250\213\272}{section.3}% 26
\BOOKMARK [1][-]{section.4}{\376\377\173\054\116\011\230\230}{}% 27
\BOOKMARK [2][-]{subsection.4.1}{\376\377\225\356\230\230\122\006\147\220}{section.4}% 28
\BOOKMARK [2][-]{subsection.4.2}{\376\377\123\237\131\313\117\030\123\026\152\041\127\213}{section.4}% 29
\BOOKMARK [3][-]{subsubsection.4.2.1}{\376\377\210\145\121\105\173\046\123\367\133\232\116\111}{subsection.4.2}% 30
\BOOKMARK [3][-]{subsubsection.4.2.2}{\376\377\152\041\127\213\210\150\171\072}{subsection.4.2}% 31
\BOOKMARK [2][-]{subsection.4.3}{\376\377\173\200\123\026\152\041\127\213}{section.4}% 32
\BOOKMARK [2][-]{subsection.4.4}{\376\377\172\013\136\217\217\320\210\114\176\323\147\234}{section.4}% 33
\BOOKMARK [2][-]{subsection.4.5}{\376\377\173\054\116\011\230\230\176\323\147\234}{section.4}% 34
\BOOKMARK [2][-]{subsection.4.6}{\376\377\176\323\147\234\213\250\213\272}{section.4}% 35
\BOOKMARK [1][-]{section.5}{\376\377\226\104\137\125}{}% 36
\BOOKMARK [2][-]{subsection.5.1}{\376\377\116\343\170\001\152\041\127\127}{section.5}% 37
\BOOKMARK [3][-]{subsubsection.5.1.1}{\376\377\173\054\116\000\230\230\116\343\170\001}{subsection.5.1}% 38
\BOOKMARK [3][-]{subsubsection.5.1.2}{\376\377\173\054\116\214\230\230\116\343\170\001}{subsection.5.1}% 39
\BOOKMARK [3][-]{subsubsection.5.1.3}{\376\377\173\054\116\011\230\230\116\343\170\001}{subsection.5.1}% 40
\BOOKMARK [3][-]{subsubsection.5.1.4}{\376\377\134\006\176\323\147\234\217\154\123\026\116\072\147\072\150\260\142\113\166\204\122\250\117\134\136\217\122\027\116\343\170\001}{subsection.5.1}% 41
\BOOKMARK [2][-]{subsection.5.2}{\376\377\124\004\142\020\124\130\166\204\215\041\163\056}{section.5}% 42
